<?xml version="1.0" encoding="UTF-8"?>
<testsuite xmlns:xsi="http://www.w3.org/2001/XMLSchema-instance" xsi:noNamespaceSchemaLocation="https://maven.apache.org/surefire/maven-surefire-plugin/xsd/surefire-test-report.xsd" name="TestSuite" time="35.105" tests="7" errors="0" skipped="0" failures="0">
  <properties>
[...]
</properties>
  <testcase name="Test2" classname="TestFramework.addPlacePost" time="8.151"/>
  <testcase name="deleteBug" classname="TestFramework.basicJIRA" time="4.463"/>
  <testcase name="updateComment" classname="TestFramework.basicJIRA" time="7.26"/>
  <testcase name="Test" classname="TestFramework.basicJSONextractGoogle" time="1.484"/>
  <testcase name="Test2" classname="TestFramework.basicPostXmlGoogle" time="0.743"/>
  <testcase name="addandDeletePlace" classname="TestFramework.endtoendtestcaseGoogle" time="0.843"/>
  <testcase name="Test" classname="TestFramework.getPlaceGoogle" time="0.605"/>
</testsuite>